<?xml version="1.0" encoding="UTF-8"?>
<!-- Generated by org.testng.reporters.JUnitReportReporter -->
<testsuite hostname="LAPTOP-BIQ4L6NA" name="com.dimensionData.pom.testcases.Login" tests="1" failures="0" timestamp="14 Dec 2017 05:54:36 GMT" time="25.397" errors="0">
  <testcase name="Loging" time="25.397" classname="com.dimensionData.pom.testcases.Login"/>
</testsuite> <!-- Login -->
