<?xml version="1.0" encoding="UTF-8"?>
<!-- Generated by org.testng.reporters.JUnitReportReporter -->
<testsuite hostname="vinoth" failures="0" tests="1" name="com.Axisring.pom.testcases.New_user_registration" time="10.481" errors="0" timestamp="18 May 2022 10:35:43 GMT">
  <testcase classname="com.Axisring.pom.testcases.New_user_registration" name="addFunds" time="10.481"/>
</testsuite> <!-- com.Axisring.pom.testcases.New_user_registration -->
