<?xml version="1.0" encoding="UTF-8"?>
<!-- Generated by org.testng.reporters.JUnitReportReporter -->
<testsuite hostname="LAPTOP-BIQ4L6NA" name="com.tesco.pom.testcases.RegisterTc" tests="1" failures="0" timestamp="13 Dec 2017 11:35:15 GMT" time="77.577" errors="0">
  <testcase name="doRegister" time="77.577" classname="com.tesco.pom.testcases.RegisterTc"/>
</testsuite> <!-- com.tesco.pom.testcases.RegisterTc -->
