<?xml version="1.0" encoding="UTF-8"?>
<!-- Generated by org.testng.reporters.JUnitReportReporter -->
<testsuite hostname="vinoth" failures="0" tests="1" name="com.Axisring.pom.testcases.Forgot_password" time="9.649" errors="0" timestamp="18 May 2022 10:19:48 GMT">
  <testcase classname="com.Axisring.pom.testcases.Forgot_password" name="Forgot_password" time="9.649"/>
</testsuite> <!-- com.Axisring.pom.testcases.Forgot_password -->
