<?xml version="1.0" encoding="UTF-8"?>
<!-- Generated by org.testng.reporters.JUnitReportReporter -->
<testsuite hostname="LAPTOP-5EBJP773" name="com.dimensionData.pom.testcases.GuestUserFlow" tests="2" failures="0" timestamp="29 Dec 2017 08:47:45 GMT" time="110.973" errors="1">
  <testcase name="Launch" time="5.193" classname="com.dimensionData.pom.testcases.GuestUserFlow"/>
  <testcase name="registeration" time="105.780" classname="com.dimensionData.pom.testcases.GuestUserFlow">
    <error type="testlink.api.java.client.TestLinkAPIException" message="
The xml-rpc call to TestLink API method tl.reportTCResult failed.
Result[0] = {code=200, message=(reportTCResult) - Parameter platformname OR platformid is required, but has not been provided}
">
        <![CDATA[testlink.api.java.client.TestLinkAPIException:
The xml-rpc call to TestLink API method tl.reportTCResult failed.
Result[0] = {code=200, message=(reportTCResult) - Parameter platformname OR platformid is required, but has not been provided}

	at testlink.api.java.client.TestLinkAPIClient.execXmlRpcMethodWithCache(TestLinkAPIClient.java:1209)
	at testlink.api.java.client.TestLinkAPIClient.reportTestCaseResult(TestLinkAPIClient.java:282)
	at testlink.api.java.client.TestLinkAPIClient.reportTestCaseResult(TestLinkAPIClient.java:246)
	at testlink.api.java.client.TestLinkAPIClient.reportTestCaseResult(TestLinkAPIClient.java:217)
	at com.dimensionData.pom.testcases.TestLinkIntegration.updateResults(TestLinkIntegration.java:19)
	at com.dimensionData.pom.testcases.GuestUserFlow.registeration(GuestUserFlow.java:120)
	at sun.reflect.NativeMethodAccessorImpl.invoke0(Native Method)
	at sun.reflect.NativeMethodAccessorImpl.invoke(Unknown Source)
	at sun.reflect.DelegatingMethodAccessorImpl.invoke(Unknown Source)
	at java.lang.reflect.Method.invoke(Unknown Source)
	at org.testng.internal.MethodInvocationHelper.invokeMethod(MethodInvocationHelper.java:85)
	at org.testng.internal.Invoker.invokeMethod(Invoker.java:639)
	at org.testng.internal.Invoker.invokeTestMethod(Invoker.java:816)
	at org.testng.internal.Invoker.invokeTestMethods(Invoker.java:1124)
	at org.testng.internal.TestMethodWorker.invokeTestMethods(TestMethodWorker.java:125)
	at org.testng.internal.TestMethodWorker.run(TestMethodWorker.java:108)
	at org.testng.TestRunner.privateRun(TestRunner.java:774)
	at org.testng.TestRunner.run(TestRunner.java:624)
	at org.testng.SuiteRunner.runTest(SuiteRunner.java:359)
	at org.testng.SuiteRunner.runSequentially(SuiteRunner.java:354)
	at org.testng.SuiteRunner.privateRun(SuiteRunner.java:312)
	at org.testng.SuiteRunner.run(SuiteRunner.java:261)
	at org.testng.SuiteRunnerWorker.runSuite(SuiteRunnerWorker.java:52)
	at org.testng.SuiteRunnerWorker.run(SuiteRunnerWorker.java:86)
	at org.testng.TestNG.runSuitesSequentially(TestNG.java:1215)
	at org.testng.TestNG.runSuitesLocally(TestNG.java:1140)
	at org.testng.TestNG.run(TestNG.java:1048)
	at org.testng.remote.AbstractRemoteTestNG.run(AbstractRemoteTestNG.java:114)
	at org.testng.remote.RemoteTestNG.initAndRun(RemoteTestNG.java:251)
	at org.testng.remote.RemoteTestNG.main(RemoteTestNG.java:77)
]]>
    </error>
  </testcase> <!-- registeration -->
</testsuite> <!-- GuestUserFlow -->
