<?xml version="1.0" encoding="UTF-8"?>
<!-- Generated by org.testng.reporters.JUnitReportReporter -->
<testsuite hostname="vinoth" failures="0" tests="1" name="com.Axisring.pom.testcases.Equity" time="30.196" errors="0" timestamp="18 May 2022 10:49:13 GMT">
  <testcase classname="com.Axisring.pom.testcases.Equity" name="getEquity" time="30.196"/>
</testsuite> <!-- com.Axisring.pom.testcases.Equity -->
