<?xml version="1.0" encoding="UTF-8"?>
<!-- Generated by org.testng.reporters.JUnitReportReporter -->
<testsuite hostname="LAPTOP-BIQ4L6NA" name="com.tesco.pom.testcases.TescoLogin" tests="1" failures="0" timestamp="13 Dec 2017 09:34:08 GMT" time="47.679" errors="0">
  <testcase name="doRegister" time="47.679" classname="com.tesco.pom.testcases.TescoLogin"/>
</testsuite> <!-- com.tesco.pom.testcases.TescoLogin -->
