<?xml version="1.0" encoding="UTF-8"?>
<!-- Generated by org.testng.reporters.JUnitReportReporter -->
<testsuite hostname="LAPTOP-BIQ4L6NA" name="com.dimensionData.pom.testcases.ProductSearch" tests="1" failures="0" timestamp="15 Dec 2017 05:21:30 GMT" time="26.241" errors="0">
  <testcase name="BrowseProducts" time="26.241" classname="com.dimensionData.pom.testcases.ProductSearch"/>
</testsuite> <!-- ProductSearch -->
