<?xml version="1.0" encoding="UTF-8"?>
<!-- Generated by org.testng.reporters.JUnitReportReporter -->
<testsuite hostname="vinoth" failures="0" tests="1" name="com.Axisring.pom.testcases.Forgot_username" time="10.968" errors="0" timestamp="18 May 2022 09:54:00 GMT">
  <testcase classname="com.Axisring.pom.testcases.Forgot_username" name="Forgot_username" time="10.968"/>
</testsuite> <!-- com.Axisring.pom.testcases.Forgot_username -->
